#
# There is insufficient memory for the Java Runtime Environment to continue.
# Native memory allocation (malloc) failed to allocate 1048576 bytes for AllocateHeap
# Possible reasons:
#   The system is out of physical RAM or swap space
#   The process is running with CompressedOops enabled, and the Java Heap may be blocking the growth of the native heap
# Possible solutions:
#   Reduce memory load on the system
#   Increase physical memory or swap space
#   Check if swap backing store is full
#   Decrease Java heap size (-Xmx/-Xms)
#   Decrease number of Java threads
#   Decrease Java thread stack sizes (-Xss)
#   Set larger code cache with -XX:ReservedCodeCacheSize=
#   JVM is running with Unscaled Compressed Oops mode in which the Java heap is
#     placed in the first 4GB address space. The Java Heap base address is the
#     maximum limit for the native heap growth. Please use -XX:HeapBaseMinAddress
#     to set the Java Heap base and to place the Java Heap above 4GB virtual address.
# This output file may be truncated or incomplete.
#
#  Out of Memory Error (./open/src/hotspot/share/memory/allocation.cpp:44), pid=3296, tid=10836
#
# JRE version:  (15.0.1+9) (build )
# Java VM: Java HotSpot(TM) 64-Bit Server VM (15.0.1+9-18, mixed mode, sharing, tiered, compressed oops, parallel gc, windows-amd64)
# No core dump will be written. Minidumps are not enabled by default on client versions of Windows
#

---------------  S U M M A R Y ------------

Command Line: --add-modules=ALL-SYSTEM --add-opens=java.base/java.util=ALL-UNNAMED --add-opens=java.base/java.lang=ALL-UNNAMED -Declipse.application=org.eclipse.jdt.ls.core.id1 -Dosgi.bundles.defaultStartLevel=4 -Declipse.product=org.eclipse.jdt.ls.core.product -Dfile.encoding=utf8 -DwatchParentProcess=false -XX:+UseParallelGC -XX:GCTimeRatio=4 -XX:AdaptiveSizePolicyWeight=90 -Dsun.zip.disableMemoryMapping=true -Xmx1G -Xms100m c:\Users\77 thaiha\.vscode\extensions\redhat.java-0.82.0\server\plugins\org.eclipse.equinox.launcher_1.6.300.v20210813-1054.jar -configuration c:\Users\77 thaiha\AppData\Roaming\Code\User\globalStorage\redhat.java\0.82.0\config_win -data c:\Users\77 thaiha\AppData\Roaming\Code\User\workspaceStorage\b5e8ec09a478dcaaae79bb73545bb99f\redhat.java\jdt_ws

Host: Intel(R) Core(TM) i5-7200U CPU @ 2.50GHz, 4 cores, 3G,  Windows 10 , 64 bit Build 19041 (10.0.19041.1202)
Time: Mon Oct 18 11:24:41 2021 SE Asia Standard Time elapsed time: 0.133167 seconds (0d 0h 0m 0s)

---------------  T H R E A D  ---------------

Current thread (0x0000021561a976a0):  JavaThread "Unknown thread" [_thread_in_vm, id=10836, stack(0x0000009075600000,0x0000009075700000)]

Stack: [0x0000009075600000,0x0000009075700000]
Native frames: (J=compiled Java code, j=interpreted, Vv=VM code, C=native code)
V  [jvm.dll+0x62ae9a]
V  [jvm.dll+0x781389]
V  [jvm.dll+0x782ae3]
V  [jvm.dll+0x783143]
V  [jvm.dll+0x216265]
V  [jvm.dll+0x8eb72]
V  [jvm.dll+0x65e0ab]
V  [jvm.dll+0x65ef2f]
V  [jvm.dll+0x637123]
V  [jvm.dll+0x75eae3]
V  [jvm.dll+0x334471]
V  [jvm.dll+0x73e826]
V  [jvm.dll+0x3b7777]
V  [jvm.dll+0x3b9201]
C  [jli.dll+0x52fb]
C  [ucrtbase.dll+0x21bb2]
C  [KERNEL32.DLL+0x17034]
C  [ntdll.dll+0x52651]


---------------  P R O C E S S  ---------------

Threads class SMR info:
_java_thread_list=0x00007ff839b14ff0, length=0, elements={
}

Java Threads: ( => current thread )

Other Threads:
  0x0000021561aae990 GCTaskThread "GC Thread#0" [stack: 0x0000009075700000,0x0000009075800000] [id=8136]

=>0x0000021561a976a0 (exited) JavaThread "Unknown thread" [_thread_in_vm, id=10836, stack(0x0000009075600000,0x0000009075700000)]

Threads with active compile tasks:

VM state: not at safepoint (normal execution)

VM Mutex/Monitor currently owned by a thread: None

Heap address: 0x00000000c0000000, size: 1024 MB, Compressed Oops mode: 32-bit
CDS archive(s) mapped at: [0x0000000800000000-0x0000000800b50000-0x0000000800b50000), size 11862016, SharedBaseAddress: 0x0000000800000000, ArchiveRelocationMode: 0.
Compressed class space mapped at: 0x0000000800b50000-0x0000000840b50000, size: 1073741824
Narrow klass base: 0x0000000800000000, Narrow klass shift: 3, Narrow klass range: 0x100000000

GC Precious Log:
 CPUs: 4 total, 4 available
 Memory: 3994M
 Large Page Support: Disabled
 NUMA Support: Disabled
 Compressed Oops: Enabled (32-bit)
 Heap Min Capacity: 100M
 Heap Initial Capacity: 100M
 Heap Max Capacity: 1G
 Pre-touch: Disabled
 Parallel Workers: 4

Heap:
 PSYoungGen      total 29696K, used 512K [0x00000000eab00000, 0x00000000ecc00000, 0x0000000100000000)
  eden space 25600K, 2% used [0x00000000eab00000,0x00000000eab80010,0x00000000ec400000)
  from space 4096K, 0% used [0x00000000ec800000,0x00000000ec800000,0x00000000ecc00000)
  to   space 4096K, 0% used [0x00000000ec400000,0x00000000ec400000,0x00000000ec800000)
 ParOldGen       total 68608K, used 0K [0x00000000c0000000, 0x00000000c4300000, 0x00000000eab00000)
  object space 68608K, 0% used [0x00000000c0000000,0x00000000c0000000,0x00000000c4300000)
 Metaspace       used 0K, capacity 0K, committed 0K, reserved 1056768K
  class space    used 0K, capacity 0K, committed 0K, reserved 1048576K

Card table byte_map: [0x000002157a6a0000,0x000002157a8b0000] _byte_map_base: 0x000002157a0a0000

Marking Bits: (ParMarkBitMap*) 0x00007ff839aec0f0
 Begin Bits: [0x000002157aa10000, 0x000002157ba10000)
 End Bits:   [0x000002157ba10000, 0x000002157ca10000)

Polling page: 0x0000021561b70000

Metaspace:

Usage:
  Non-class:      0 bytes capacity,     0 bytes (  ?%) used,     0 bytes (  ?%) free+waste,     0 bytes (  ?%) overhead. 
      Class:      0 bytes capacity,     0 bytes (  ?%) used,     0 bytes (  ?%) free+waste,     0 bytes (  ?%) overhead. 
       Both:      0 bytes capacity,     0 bytes (  ?%) used,     0 bytes (  ?%) free+waste,     0 bytes (  ?%) overhead. 

Virtual space:
  Non-class space:        8.00 MB reserved,       0 bytes (  0%) committed 
      Class space:        1.00 GB reserved,       0 bytes (  0%) committed 
             Both:        1.01 GB reserved,       0 bytes (  0%) committed 

Chunk freelists:
   Non-Class:  0 bytes
       Class:  0 bytes
        Both:  0 bytes

MaxMetaspaceSize: 17179869184.00 GB
CompressedClassSpaceSize: 1.00 GB

CodeHeap 'non-profiled nmethods': size=120000Kb used=0Kb max_used=0Kb free=120000Kb
 bounds [0x0000021572f90000, 0x0000021573200000, 0x000002157a4c0000]
CodeHeap 'profiled nmethods': size=120000Kb used=0Kb max_used=0Kb free=120000Kb
 bounds [0x000002156ba60000, 0x000002156bcd0000, 0x0000021572f90000]
CodeHeap 'non-nmethods': size=5760Kb used=269Kb max_used=415Kb free=5490Kb
 bounds [0x000002156b4c0000, 0x000002156b730000, 0x000002156ba60000]
 total_blobs=135 nmethods=0 adapters=116
 compilation: enabled
              stopped_count=0, restarted_count=0
 full_count=0

Compilation events (0 events):
No events

GC Heap History (0 events):
No events

Deoptimization events (0 events):
No events

Classes unloaded (0 events):
No events

Classes redefined (0 events):
No events

Internal exceptions (0 events):
No events

Events (1 events):
Event: 0.101 Loaded shared library D:\JDK\jdk-15.0.1\bin\java.dll


Dynamic libraries:
0x00007ff629a60000 - 0x00007ff629a6f000 	D:\JDK\jdk-15.0.1\bin\java.exe
0x00007ff89e2b0000 - 0x00007ff89e4a5000 	C:\WINDOWS\SYSTEM32\ntdll.dll
0x00007ff89c390000 - 0x00007ff89c44e000 	C:\WINDOWS\System32\KERNEL32.DLL
0x00007ff89bd30000 - 0x00007ff89bff9000 	C:\WINDOWS\System32\KERNELBASE.dll
0x00007ff89b9d0000 - 0x00007ff89bad0000 	C:\WINDOWS\System32\ucrtbase.dll
0x00007ff8745a0000 - 0x00007ff8745b8000 	D:\JDK\jdk-15.0.1\bin\jli.dll
0x00007ff89e0e0000 - 0x00007ff89e18c000 	C:\WINDOWS\System32\ADVAPI32.dll
0x00007ff89cb40000 - 0x00007ff89cbde000 	C:\WINDOWS\System32\msvcrt.dll
0x00007ff89d800000 - 0x00007ff89d89b000 	C:\WINDOWS\System32\sechost.dll
0x00007ff89cf10000 - 0x00007ff89d03a000 	C:\WINDOWS\System32\RPCRT4.dll
0x00007ff89d8a0000 - 0x00007ff89da41000 	C:\WINDOWS\System32\USER32.dll
0x00007ff89bca0000 - 0x00007ff89bcc2000 	C:\WINDOWS\System32\win32u.dll
0x00007ff89db00000 - 0x00007ff89db2b000 	C:\WINDOWS\System32\GDI32.dll
0x00007ff89c1f0000 - 0x00007ff89c2fb000 	C:\WINDOWS\System32\gdi32full.dll
0x00007ff89bad0000 - 0x00007ff89bb6d000 	C:\WINDOWS\System32\msvcp_win.dll
0x00007ff880e00000 - 0x00007ff880e19000 	D:\JDK\jdk-15.0.1\bin\VCRUNTIME140.dll
0x00007ff88eb70000 - 0x00007ff88ee0a000 	C:\WINDOWS\WinSxS\amd64_microsoft.windows.common-controls_6595b64144ccf1df_6.0.19041.1110_none_60b5254171f9507e\COMCTL32.dll
0x00007ff894d90000 - 0x00007ff894d9a000 	C:\WINDOWS\SYSTEM32\VERSION.dll
0x00007ff89c360000 - 0x00007ff89c390000 	C:\WINDOWS\System32\IMM32.DLL
0x00007ff894d10000 - 0x00007ff894d1c000 	D:\JDK\jdk-15.0.1\bin\vcruntime140_1.dll
0x00007ff83f7a0000 - 0x00007ff83f831000 	D:\JDK\jdk-15.0.1\bin\msvcp140.dll
0x00007ff839050000 - 0x00007ff839bae000 	D:\JDK\jdk-15.0.1\bin\server\jvm.dll
0x00007ff89c500000 - 0x00007ff89c508000 	C:\WINDOWS\System32\PSAPI.DLL
0x00007ff885c50000 - 0x00007ff885c59000 	C:\WINDOWS\SYSTEM32\WSOCK32.dll
0x00007ff89ca30000 - 0x00007ff89ca9b000 	C:\WINDOWS\System32\WS2_32.dll
0x00007ff88e920000 - 0x00007ff88e947000 	C:\WINDOWS\SYSTEM32\WINMM.dll
0x00007ff89a260000 - 0x00007ff89a272000 	C:\WINDOWS\SYSTEM32\kernel.appcore.dll
0x00007ff8914f0000 - 0x00007ff8914fa000 	D:\JDK\jdk-15.0.1\bin\jimage.dll
0x00007ff899740000 - 0x00007ff899924000 	C:\WINDOWS\SYSTEM32\DBGHELP.DLL
0x00007ff892e10000 - 0x00007ff892e3c000 	C:\WINDOWS\SYSTEM32\dbgcore.DLL
0x00007ff89c160000 - 0x00007ff89c1e3000 	C:\WINDOWS\System32\bcryptPrimitives.dll
0x00007ff874570000 - 0x00007ff874595000 	D:\JDK\jdk-15.0.1\bin\java.dll

dbghelp: loaded successfully - version: 4.0.5 - missing functions: none
symbol engine: initialized successfully - sym options: 0x614 - pdb path: .;D:\JDK\jdk-15.0.1\bin;C:\WINDOWS\SYSTEM32;C:\WINDOWS\WinSxS\amd64_microsoft.windows.common-controls_6595b64144ccf1df_6.0.19041.1110_none_60b5254171f9507e;D:\JDK\jdk-15.0.1\bin\server

VM Arguments:
jvm_args: --add-modules=ALL-SYSTEM --add-opens=java.base/java.util=ALL-UNNAMED --add-opens=java.base/java.lang=ALL-UNNAMED -Declipse.application=org.eclipse.jdt.ls.core.id1 -Dosgi.bundles.defaultStartLevel=4 -Declipse.product=org.eclipse.jdt.ls.core.product -Dfile.encoding=utf8 -DwatchParentProcess=false -XX:+UseParallelGC -XX:GCTimeRatio=4 -XX:AdaptiveSizePolicyWeight=90 -Dsun.zip.disableMemoryMapping=true -Xmx1G -Xms100m 
java_command: c:\Users\77 thaiha\.vscode\extensions\redhat.java-0.82.0\server\plugins\org.eclipse.equinox.launcher_1.6.300.v20210813-1054.jar -configuration c:\Users\77 thaiha\AppData\Roaming\Code\User\globalStorage\redhat.java\0.82.0\config_win -data c:\Users\77 thaiha\AppData\Roaming\Code\User\workspaceStorage\b5e8ec09a478dcaaae79bb73545bb99f\redhat.java\jdt_ws
java_class_path (initial): c:\Users\77 thaiha\.vscode\extensions\redhat.java-0.82.0\server\plugins\org.eclipse.equinox.launcher_1.6.300.v20210813-1054.jar
Launcher Type: SUN_STANDARD

[Global flags]
    uintx AdaptiveSizePolicyWeight                 = 90                                        {product} {command line}
     intx CICompilerCount                          = 3                                         {product} {ergonomic}
    uintx GCTimeRatio                              = 4                                         {product} {command line}
   size_t InitialHeapSize                          = 104857600                                 {product} {command line}
   size_t MaxHeapSize                              = 1073741824                                {product} {command line}
   size_t MaxNewSize                               = 357564416                                 {product} {ergonomic}
   size_t MinHeapDeltaBytes                        = 524288                                    {product} {ergonomic}
   size_t MinHeapSize                              = 104857600                                 {product} {command line}
   size_t NewSize                                  = 34603008                                  {product} {ergonomic}
    uintx NonNMethodCodeHeapSize                   = 5832780                                {pd product} {ergonomic}
    uintx NonProfiledCodeHeapSize                  = 122912730                              {pd product} {ergonomic}
   size_t OldSize                                  = 70254592                                  {product} {ergonomic}
    uintx ProfiledCodeHeapSize                     = 122912730                              {pd product} {ergonomic}
    uintx ReservedCodeCacheSize                    = 251658240                              {pd product} {ergonomic}
     bool SegmentedCodeCache                       = true                                      {product} {ergonomic}
   size_t SoftMaxHeapSize                          = 1073741824                             {manageable} {ergonomic}
     bool UseCompressedClassPointers               = true                                 {lp64_product} {ergonomic}
     bool UseCompressedOops                        = true                                 {lp64_product} {ergonomic}
     bool UseLargePagesIndividualAllocation        = false                                  {pd product} {ergonomic}
     bool UseParallelGC                            = true                                      {product} {command line}

Logging:
Log output configuration:
 #0: stdout all=warning uptime,level,tags
 #1: stderr all=off uptime,level,tags

Environment Variables:
PATH=C:\Python39\;C:\Python39\Scripts\;D:\VMware\bin\;D:\mingw32\bin;C:\Program Files\Common Files\Oracle\Java\javapath;C:\WINDOWS\system32;C:\WINDOWS;C:\WINDOWS\System32\Wbem;C:\WINDOWS\System32\WindowsPowerShell\v1.0\;C:\WINDOWS\System32\OpenSSH\;D:\JDK\jdk-15.0.1\bin;C:\Program Files\Microsoft SQL Server\Client SDK\ODBC\130\Tools\Binn\;C:\ProgramData\chocolatey\bin;D:\XAMPP\mysql\bin;D:\MySQL\MySQL Shell 8.0\bin\;C:\Users\77 thaiha\AppData\Local\Programs\Python\Python37-32\Scripts\;C:\Users\77 thaiha\AppData\Local\Programs\Python\Python37-32\;C:\Windows\system32;C:\Windows;C:\Windows\System32\Wbem;C:\Windows\System32\WindowsPowerShell\v1.0\;C:\Windows\System32\OpenSSH\;C:\Program Files\Microsoft SQL Server\Client SDK\ODBC\170\Tools\Binn\;C:\Program Files (x86)\Microsoft SQL Server\150\Tools\Binn\;C:\Program Files\Microsoft SQL Server\150\Tools\Binn\;C:\Program Files\Microsoft SQL Server\150\DTS\Binn;D:\Stock;C:\Users\77 thaiha\AppData\Local\Programs\Python\Python37-32\Scripts;D:\SQLite\sqlite-tools-win32-x86-3350500;D:\Node\;D:\shortcuts;D:\sublime_text;D:\xampp\php;C:\Users\77 thaiha\AppData\Local\Android\Sdk\emulator;D:\Stock\Amibroker6.20.1\.NET for AmiBroker\Assemblies;C:\Program Files\dotnet\;C:\Program Files\Git\cmd;D:\Microsoft Visual Studio\2019\Community\Common7\IDE;C:\Python39\;C:\Python39\Scripts\;D:\VMware\bin\;D:\mingw32\bin;C:\Program Files\Common Files\Oracle\Java\javapath;C:\WINDOWS\system32;C:\WINDOWS;C:\WINDOWS\System32\Wbem;C:\WINDOWS\System32\WindowsPowerShell\v1.0\;C:\WINDOWS\System32\OpenSSH\;D:\JDK\jdk-15.0.1\bin;C:\Program Files\Microsoft SQL Server\Client SDK\ODBC\130\Tools\Binn\;D:\Node\;C:\ProgramData\chocolatey\bin;D:\XAMPP\mysql\bin;C:\Windows\system32;C:\Windows;C:\Windows\System32\Wbem;C:\Windows\System32\WindowsPowerShell\v1.0\;C:\Windows\System32\OpenSSH\;C:\Program Files\Microsoft SQL Server\Client SDK\ODBC\170\Tools\Binn\;C:\Program Files (x86)\Microsoft SQL Server\150\Tools\Binn\;C:\Program Files\Microsoft SQL Server\150\Tools\Bin
USERNAME=77 thaiha
OS=Windows_NT
PROCESSOR_IDENTIFIER=Intel64 Family 6 Model 142 Stepping 9, GenuineIntel



---------------  S Y S T E M  ---------------

OS:
 Windows 10 , 64 bit Build 19041 (10.0.19041.1202)
OS uptime: 0 days 16:28 hours
HyperV virtualization detected

CPU: total 4 (initial active 4) (2 cores per cpu, 2 threads per core) family 6 model 142 stepping 9 microcode 0xb4, cmov, cx8, fxsr, mmx, sse, sse2, sse3, ssse3, sse4.1, sse4.2, popcnt, vzeroupper, avx, avx2, aes, clmul, erms, 3dnowpref, lzcnt, ht, tsc, tscinvbit, bmi1, bmi2, adx, fma, clflush, clflushopt

Memory: 4k page, system-wide physical 3994M (254M free)
TotalPageFile size 9114M (AvailPageFile size 2M)
current process WorkingSet (physical memory assigned to process): 14M, peak: 14M
current process commit charge ("private bytes"): 159M, peak: 160M

vm_info: Java HotSpot(TM) 64-Bit Server VM (15.0.1+9-18) for windows-amd64 JRE (15.0.1+9-18), built on Sep 15 2020 14:43:54 by "mach5one" with unknown MS VC++:1925

END.
